  Main.cpp
C:\Users\leanh\Project-3_CTDL_22\Sach\Main.cpp(5,9): warning C4067: unexpected tokens following preprocessor directive - expected a newline
  Sach.cpp
  Generating Code...
Sach.obj : error LNK2005: "public: __cdecl Sach::Sach(class Sach const &)" (??0Sach@@QEAA@AEBV0@@Z) already defined in Main.obj
Sach.obj : error LNK2005: "public: __cdecl Sach::Sach(class std::basic_string<char,struct std::char_traits<char>,class std::allocator<char> >,class std::basic_string<char,struct std::char_traits<char>,class std::allocator<char> >,class std::basic_string<char,struct std::char_traits<char>,class std::allocator<char> >,class std::basic_string<char,struct std::char_traits<char>,class std::allocator<char> >,long,class std::basic_string<char,struct std::char_traits<char>,class std::allocator<char> >,short,class std::basic_string<char,struct std::char_traits<char>,class std::allocator<char> >,short)" (??0Sach@@QEAA@V?$basic_string@DU?$char_traits@D@std@@V?$allocator@D@2@@std@@000J0F0F@Z) already defined in Main.obj
Sach.obj : error LNK2005: "public: __cdecl Sach::~Sach(void)" (??1Sach@@QEAA@XZ) already defined in Main.obj
Sach.obj : error LNK2005: "class std::basic_istream<char,struct std::char_traits<char> > & __cdecl operator>>(class std::basic_istream<char,struct std::char_traits<char> > &,class Sach &)" (??5@YAAEAV?$basic_istream@DU?$char_traits@D@std@@@std@@AEAV01@AEAVSach@@@Z) already defined in Main.obj
Sach.obj : error LNK2005: "class std::basic_ostream<char,struct std::char_traits<char> > & __cdecl operator<<(class std::basic_ostream<char,struct std::char_traits<char> > &,class Sach)" (??6@YAAEAV?$basic_ostream@DU?$char_traits@D@std@@@std@@AEAV01@VSach@@@Z) already defined in Main.obj
Sach.obj : error LNK2005: "public: bool __cdecl Sach::operator!=(class Sach)" (??9Sach@@QEAA_NV0@@Z) already defined in Main.obj
Sach.obj : error LNK2005: "public: void __cdecl Sach::doc_1_quyen_sach(class std::basic_ifstream<char,struct std::char_traits<char> > &,class Sach &)" (?doc_1_quyen_sach@Sach@@QEAAXAEAV?$basic_ifstream@DU?$char_traits@D@std@@@std@@AEAV1@@Z) already defined in Main.obj
Sach.obj : error LNK2005: "public: long __cdecl Sach::getGiaban(void)" (?getGiaban@Sach@@QEAAJXZ) already defined in Main.obj
Sach.obj : error LNK2005: "public: class std::basic_string<char,struct std::char_traits<char>,class std::allocator<char> > __cdecl Sach::getMasach(void)" (?getMasach@Sach@@QEAA?AV?$basic_string@DU?$char_traits@D@std@@V?$allocator@D@2@@std@@XZ) already defined in Main.obj
Sach.obj : error LNK2005: "public: class std::basic_string<char,struct std::char_traits<char>,class std::allocator<char> > __cdecl Sach::getNamphathanh(void)" (?getNamphathanh@Sach@@QEAA?AV?$basic_string@DU?$char_traits@D@std@@V?$allocator@D@2@@std@@XZ) already defined in Main.obj
Sach.obj : error LNK2005: "public: class std::basic_string<char,struct std::char_traits<char>,class std::allocator<char> > __cdecl Sach::getNgaynhapkho(void)" (?getNgaynhapkho@Sach@@QEAA?AV?$basic_string@DU?$char_traits@D@std@@V?$allocator@D@2@@std@@XZ) already defined in Main.obj
Sach.obj : error LNK2005: "public: class std::basic_string<char,struct std::char_traits<char>,class std::allocator<char> > __cdecl Sach::getNhaxuatban(void)" (?getNhaxuatban@Sach@@QEAA?AV?$basic_string@DU?$char_traits@D@std@@V?$allocator@D@2@@std@@XZ) already defined in Main.obj
Sach.obj : error LNK2005: "public: short __cdecl Sach::getSotrang(void)" (?getSotrang@Sach@@QEAAFXZ) already defined in Main.obj
Sach.obj : error LNK2005: "public: class std::basic_string<char,struct std::char_traits<char>,class std::allocator<char> > __cdecl Sach::getTacgia(void)" (?getTacgia@Sach@@QEAA?AV?$basic_string@DU?$char_traits@D@std@@V?$allocator@D@2@@std@@XZ) already defined in Main.obj
Sach.obj : error LNK2005: "public: class std::basic_string<char,struct std::char_traits<char>,class std::allocator<char> > __cdecl Sach::getTensach(void)" (?getTensach@Sach@@QEAA?AV?$basic_string@DU?$char_traits@D@std@@V?$allocator@D@2@@std@@XZ) already defined in Main.obj
Sach.obj : error LNK2005: "public: short __cdecl Sach::getTinhtrangsach(void)" (?getTinhtrangsach@Sach@@QEAAFXZ) already defined in Main.obj
Sach.obj : error LNK2005: "public: void __cdecl Sach::setGiaban(long)" (?setGiaban@Sach@@QEAAXJ@Z) already defined in Main.obj
Sach.obj : error LNK2005: "public: void __cdecl Sach::setMasach(class std::basic_string<char,struct std::char_traits<char>,class std::allocator<char> >)" (?setMasach@Sach@@QEAAXV?$basic_string@DU?$char_traits@D@std@@V?$allocator@D@2@@std@@@Z) already defined in Main.obj
Sach.obj : error LNK2005: "public: void __cdecl Sach::setNamphathanh(class std::basic_string<char,struct std::char_traits<char>,class std::allocator<char> >)" (?setNamphathanh@Sach@@QEAAXV?$basic_string@DU?$char_traits@D@std@@V?$allocator@D@2@@std@@@Z) already defined in Main.obj
Sach.obj : error LNK2005: "public: void __cdecl Sach::setNgaynhapkho(class std::basic_string<char,struct std::char_traits<char>,class std::allocator<char> >)" (?setNgaynhapkho@Sach@@QEAAXV?$basic_string@DU?$char_traits@D@std@@V?$allocator@D@2@@std@@@Z) already defined in Main.obj
Sach.obj : error LNK2005: "public: void __cdecl Sach::setNhaxuatban(class std::basic_string<char,struct std::char_traits<char>,class std::allocator<char> >)" (?setNhaxuatban@Sach@@QEAAXV?$basic_string@DU?$char_traits@D@std@@V?$allocator@D@2@@std@@@Z) already defined in Main.obj
Sach.obj : error LNK2005: "public: void __cdecl Sach::setSotrang(short)" (?setSotrang@Sach@@QEAAXF@Z) already defined in Main.obj
Sach.obj : error LNK2005: "public: void __cdecl Sach::setTacgia(class std::basic_string<char,struct std::char_traits<char>,class std::allocator<char> >)" (?setTacgia@Sach@@QEAAXV?$basic_string@DU?$char_traits@D@std@@V?$allocator@D@2@@std@@@Z) already defined in Main.obj
Sach.obj : error LNK2005: "public: void __cdecl Sach::setTensach(class std::basic_string<char,struct std::char_traits<char>,class std::allocator<char> >)" (?setTensach@Sach@@QEAAXV?$basic_string@DU?$char_traits@D@std@@V?$allocator@D@2@@std@@@Z) already defined in Main.obj
Sach.obj : error LNK2005: "public: void __cdecl Sach::setTinhtrangsach(short)" (?setTinhtrangsach@Sach@@QEAAXF@Z) already defined in Main.obj
C:\Users\leanh\Project-3_CTDL_22\x64\Debug\Sach.exe : fatal error LNK1169: one or more multiply defined symbols found
